Compiling the C compiler identification source file "CMakeCCompilerId.c" failed.
Compiler: D:/Programs/Microsoft Visual Studio/2017/Community/VC/Tools/MSVC/14.15.26726/bin/HostX64/x64/cl.exe 
Build flags: 
Id flags:  

The output was:
2
Microsoft (R) C/C++ Optimizing Compiler Version 19.15.26732.1 for x64
Copyright (C) Microsoft Corporation.  All rights reserved.

CMakeCCompilerId.c
Microsoft (R) Incremental Linker Version 14.15.26732.1
Copyright (C) Microsoft Corporation.  All rights reserved.

/out:CMakeCCompilerId.exe 
CMakeCCompilerId.obj 
LINK : error LNK2001: unresolved external symbol mainCRTStartup
D:\Programs\Microsoft Visual Studio\2017\Community\VC\Tools\MSVC\14.15.26726\lib\x86\LIBCMT.lib : warning LNK4272: library machine type 'x86' conflicts with target machine type 'x64'
CMakeCCompilerId.exe : fatal error LNK1120: 1 unresolved externals


Compiling the CXX compiler identification source file "CMakeCXXCompilerId.cpp" failed.
Compiler: D:/Programs/Microsoft Visual Studio/2017/Community/VC/Tools/MSVC/14.15.26726/bin/HostX64/x64/cl.exe 
Build flags: 
Id flags:  

The output was:
2
Microsoft (R) C/C++ Optimizing Compiler Version 19.15.26732.1 for x64
Copyright (C) Microsoft Corporation.  All rights reserved.

CMakeCXXCompilerId.cpp
Microsoft (R) Incremental Linker Version 14.15.26732.1
Copyright (C) Microsoft Corporation.  All rights reserved.

/out:CMakeCXXCompilerId.exe 
CMakeCXXCompilerId.obj 
LINK : error LNK2001: unresolved external symbol mainCRTStartup
D:\Programs\Microsoft Visual Studio\2017\Community\VC\Tools\MSVC\14.15.26726\lib\x86\LIBCMT.lib : warning LNK4272: library machine type 'x86' conflicts with target machine type 'x64'
CMakeCXXCompilerId.exe : fatal error LNK1120: 1 unresolved externals


Determining if the C compiler works failed with the following output:
Change Dir: C:/Users/Ahmed/CMakeBuilds/5f0e1c27-e49e-9230-8015-933548addd0e/build/x86-Debug/CMakeFiles/CMakeTmp

Run Build Command:"D:/Programs/Microsoft Visual Studio/2017/Community/Common7/IDE/CommonExtensions/Microsoft/CMake/Ninja/ninja.exe" "cmTC_301bd"
[1/2] Building C object CMakeFiles\cmTC_301bd.dir\testCCompiler.c.obj
[2/2] Linking C executable cmTC_301bd.exe
FAILED: cmTC_301bd.exe 
cmd.exe /C "cd . && "D:\Programs\Microsoft Visual Studio\2017\Community\Common7\IDE\CommonExtensions\Microsoft\CMake\CMake\bin\cmake.exe" -E vs_link_exe --intdir=CMakeFiles\cmTC_301bd.dir --manifests  -- D:\Programs\MICROS~1\2017\COMMUN~1\VC\Tools\MSVC\1415~1.267\bin\Hostx64\x64\link.exe /nologo CMakeFiles\cmTC_301bd.dir\testCCompiler.c.obj  /out:cmTC_301bd.exe /implib:cmTC_301bd.lib /pdb:cmTC_301bd.pdb /version:0.0  /machine:x64  /debug /INCREMENTAL /subsystem:console  kernel32.lib user32.lib gdi32.lib winspool.lib shell32.lib ole32.lib oleaut32.lib uuid.lib comdlg32.lib advapi32.lib && cd ."
LINK Pass 1: command "D:\Programs\MICROS~1\2017\COMMUN~1\VC\Tools\MSVC\1415~1.267\bin\Hostx64\x64\link.exe /nologo CMakeFiles\cmTC_301bd.dir\testCCompiler.c.obj /out:cmTC_301bd.exe /implib:cmTC_301bd.lib /pdb:cmTC_301bd.pdb /version:0.0 /machine:x64 /debug /INCREMENTAL /subsystem:console kernel32.lib user32.lib gdi32.lib winspool.lib shell32.lib ole32.lib oleaut32.lib uuid.lib comdlg32.lib advapi32.lib /MANIFEST /MANIFESTFILE:CMakeFiles\cmTC_301bd.dir/intermediate.manifest CMakeFiles\cmTC_301bd.dir/manifest.res" failed (exit code 1120) with the following output:
testCCompiler.c.obj : error LNK2001: unresolved external symbol _RTC_InitBase
testCCompiler.c.obj : error LNK2001: unresolved external symbol _RTC_Shutdown
LINK : error LNK2001: unresolved external symbol mainCRTStartup
C:\Program Files (x86)\Windows Kits\10\lib\10.0.17134.0\um\x86\kernel32.lib : warning LNK4272: library machine type 'x86' conflicts with target machine type 'x64'
C:\Program Files (x86)\Windows Kits\10\lib\10.0.17134.0\um\x86\user32.lib : warning LNK4272: library machine type 'x86' conflicts with target machine type 'x64'
C:\Program Files (x86)\Windows Kits\10\lib\10.0.17134.0\um\x86\gdi32.lib : warning LNK4272: library machine type 'x86' conflicts with target machine type 'x64'
C:\Program Files (x86)\Windows Kits\10\lib\10.0.17134.0\um\x86\winspool.lib : warning LNK4272: library machine type 'x86' conflicts with target machine type 'x64'
C:\Program Files (x86)\Windows Kits\10\lib\10.0.17134.0\um\x86\shell32.lib : warning LNK4272: library machine type 'x86' conflicts with target machine type 'x64'
C:\Program Files (x86)\Windows Kits\10\lib\10.0.17134.0\um\x86\ole32.lib : warning LNK4272: library machine type 'x86' conflicts with target machine type 'x64'
C:\Program Files (x86)\Windows Kits\10\lib\10.0.17134.0\um\x86\oleaut32.lib : warning LNK4272: library machine type 'x86' conflicts with target machine type 'x64'
C:\Program Files (x86)\Windows Kits\10\lib\10.0.17134.0\um\x86\uuid.lib : warning LNK4272: library machine type 'x86' conflicts with target machine type 'x64'
C:\Program Files (x86)\Windows Kits\10\lib\10.0.17134.0\um\x86\comdlg32.lib : warning LNK4272: library machine type 'x86' conflicts with target machine type 'x64'
C:\Program Files (x86)\Windows Kits\10\lib\10.0.17134.0\um\x86\advapi32.lib : warning LNK4272: library machine type 'x86' conflicts with target machine type 'x64'
D:\Programs\Microsoft Visual Studio\2017\Community\VC\Tools\MSVC\14.15.26726\lib\x86\MSVCRTD.lib : warning LNK4272: library machine type 'x86' conflicts with target machine type 'x64'
cmTC_301bd.exe : fatal error LNK1120: 3 unresolved externals
ninja: build stopped: subcommand failed.


